2025-12-23 03:18:01,707 INFO: Background polling tasks started [in main:78]
2025-12-23 03:18:06,116 INFO: Background polling tasks stopped [in main:93]
2025-12-23 03:18:26,936 INFO: Background polling tasks started [in main:78]
2025-12-23 03:18:28,710 DEBUG: connect_tcp.started host='api.forismatic.com' port=80 local_address=None timeout=5.0 socket_options=None [in _trace:87]
2025-12-23 03:18:28,740 DEBUG: connect_tcp.complete return_value=<httpcore._backends.anyio.AnyIOStream object at 0x73240b7fc980> [in _trace:87]
2025-12-23 03:18:28,740 DEBUG: send_request_headers.started request=<Request [b'GET']> [in _trace:87]
2025-12-23 03:18:28,740 DEBUG: send_request_headers.complete [in _trace:87]
2025-12-23 03:18:28,740 DEBUG: send_request_body.started request=<Request [b'GET']> [in _trace:87]
2025-12-23 03:18:28,740 DEBUG: send_request_body.complete [in _trace:87]
2025-12-23 03:18:28,740 DEBUG: receive_response_headers.started request=<Request [b'GET']> [in _trace:87]
2025-12-23 03:18:28,788 DEBUG: receive_response_headers.complete return_value=(b'HTTP/1.1', 200, b'OK', [(b'Date', b'Tue, 23 Dec 2025 02:18:28 GMT'), (b'Content-Type', b'application/json'), (b'Transfer-Encoding', b'chunked'), (b'Connection', b'keep-alive'), (b'Server', b'cloudflare'), (b'Nel', b'{"report_to":"cf-nel","success_fraction":0.0,"max_age":604800}'), (b'Vary', b'Accept-Encoding'), (b'Content-Encoding', b'gzip'), (b'cf-cache-status', b'DYNAMIC'), (b'X-Content-Type-Options', b'nosniff'), (b'Report-To', b'{"group":"cf-nel","max_age":604800,"endpoints":[{"url":"https://a.nel.cloudflare.com/report/v4?s=Dq6iTqrGQYVcrZwloTAd5pVVzT7H2B401Z0AHKqz6e7Cz63ggJJNAI8vjpNiQQ4cvxZT04C12Rnz5p0M8N8TQl6dppzBzPopcYwgQ9%2FKg21lRw%3D%3D"}]}'), (b'CF-RAY', b'9b245e59ae6406ae-WAW'), (b'alt-svc', b'h3=":443"; ma=86400')]) [in _trace:87]
2025-12-23 03:18:28,788 INFO: HTTP Request: GET http://api.forismatic.com/api/1.0/?method=getQuote&lang=en&format=json "HTTP/1.1 200 OK" [in _client:1740]
2025-12-23 03:18:28,788 DEBUG: receive_response_body.started request=<Request [b'GET']> [in _trace:87]
2025-12-23 03:18:28,789 DEBUG: receive_response_body.complete [in _trace:87]
2025-12-23 03:18:28,789 DEBUG: response_closed.started [in _trace:87]
2025-12-23 03:18:28,789 DEBUG: response_closed.complete [in _trace:87]
2025-12-23 03:18:28,789 DEBUG: close.started [in _trace:87]
2025-12-23 03:18:28,789 DEBUG: close.complete [in _trace:87]
2025-12-23 03:18:28,794 INFO: a key was pressed [in main:206]
2025-12-23 03:18:28,794 INFO: Mock data mode is on. Triggering in mock... [in robot_service:80]
2025-12-23 03:18:28,941 INFO: Background polling tasks stopped [in main:93]
2025-12-23 03:20:03,373 INFO: Background polling tasks started [in main:78]
2025-12-23 03:20:06,280 INFO: Background polling tasks stopped [in main:93]
